{"/home/ubuntu/.openclaw/workspace/clawbot-demo/backend/src/ai.js": {"path":"/home/ubuntu/.openclaw/workspace/clawbot-demo/backend/src/ai.js","statementMap":{"0":{"start":{"line":2,"column":23},"end":{"line":2,"column":38}},"1":{"start":{"line":4,"column":18},"end":{"line":32,"column":1}},"2":{"start":{"line":35,"column":19},"end":{"line":35,"column":40}},"3":{"start":{"line":37,"column":17},"end":{"line":37,"column":26}},"4":{"start":{"line":38,"column":2},"end":{"line":41,"column":96}},"5":{"start":{"line":38,"column":48},"end":{"line":38,"column":70}},"6":{"start":{"line":39,"column":7},"end":{"line":41,"column":96}},"7":{"start":{"line":39,"column":50},"end":{"line":39,"column":68}},"8":{"start":{"line":40,"column":7},"end":{"line":41,"column":96}},"9":{"start":{"line":40,"column":67},"end":{"line":40,"column":88}},"10":{"start":{"line":41,"column":7},"end":{"line":41,"column":96}},"11":{"start":{"line":41,"column":74},"end":{"line":41,"column":96}},"12":{"start":{"line":43,"column":28},"end":{"line":43,"column":47}},"13":{"start":{"line":44,"column":19},"end":{"line":44,"column":90}},"14":{"start":{"line":46,"column":2},"end":{"line":50,"column":3}},"15":{"start":{"line":47,"column":4},"end":{"line":47,"column":62}},"16":{"start":{"line":48,"column":9},"end":{"line":50,"column":3}},"17":{"start":{"line":49,"column":4},"end":{"line":49,"column":28}},"18":{"start":{"line":52,"column":2},"end":{"line":52,"column":18}},"19":{"start":{"line":55,"column":0},"end":{"line":55,"column":40}}},"fnMap":{"0":{"name":"generateAIResponse","decl":{"start":{"line":34,"column":9},"end":{"line":34,"column":27}},"loc":{"start":{"line":34,"column":50},"end":{"line":53,"column":1}},"line":34}},"branchMap":{"0":{"loc":{"start":{"line":38,"column":2},"end":{"line":41,"column":96}},"type":"if","locations":[{"start":{"line":38,"column":2},"end":{"line":41,"column":96}},{"start":{"line":39,"column":7},"end":{"line":41,"column":96}}],"line":38},"1":{"loc":{"start":{"line":39,"column":7},"end":{"line":41,"column":96}},"type":"if","locations":[{"start":{"line":39,"column":7},"end":{"line":41,"column":96}},{"start":{"line":40,"column":7},"end":{"line":41,"column":96}}],"line":39},"2":{"loc":{"start":{"line":40,"column":7},"end":{"line":41,"column":96}},"type":"if","locations":[{"start":{"line":40,"column":7},"end":{"line":41,"column":96}},{"start":{"line":41,"column":7},"end":{"line":41,"column":96}}],"line":40},"3":{"loc":{"start":{"line":41,"column":7},"end":{"line":41,"column":96}},"type":"if","locations":[{"start":{"line":41,"column":7},"end":{"line":41,"column":96}},{"start":{},"end":{}}],"line":41},"4":{"loc":{"start":{"line":46,"column":2},"end":{"line":50,"column":3}},"type":"if","locations":[{"start":{"line":46,"column":2},"end":{"line":50,"column":3}},{"start":{"line":48,"column":9},"end":{"line":50,"column":3}}],"line":46},"5":{"loc":{"start":{"line":48,"column":9},"end":{"line":50,"column":3}},"type":"if","locations":[{"start":{"line":48,"column":9},"end":{"line":50,"column":3}},{"start":{},"end":{}}],"line":48}},"s":{"0":2,"1":2,"2":11,"3":11,"4":11,"5":6,"6":5,"7":1,"8":4,"9":1,"10":3,"11":1,"12":11,"13":11,"14":11,"15":1,"16":10,"17":1,"18":9,"19":2},"f":{"0":11},"b":{"0":[6,5],"1":[1,4],"2":[1,3],"3":[1,2],"4":[1,10],"5":[1,9]},"_coverageSchema":"1a1c01bbd47fc00a2c39e90264f33305004495a9","hash":"0d254d5170d6083b54ec754389d1c46e1b9de51b"}
,"/home/ubuntu/.openclaw/workspace/clawbot-demo/backend/src/store.js": {"path":"/home/ubuntu/.openclaw/workspace/clawbot-demo/backend/src/store.js","statementMap":{"0":{"start":{"line":2,"column":23},"end":{"line":2,"column":38}},"1":{"start":{"line":4,"column":21},"end":{"line":18,"column":1}},"2":{"start":{"line":22,"column":4},"end":{"line":22,"column":28}},"3":{"start":{"line":23,"column":4},"end":{"line":23,"column":35}},"4":{"start":{"line":24,"column":4},"end":{"line":24,"column":31}},"5":{"start":{"line":25,"column":4},"end":{"line":25,"column":25}},"6":{"start":{"line":28,"column":4},"end":{"line":28,"column":52}},"7":{"start":{"line":32,"column":4},"end":{"line":32,"column":61}},"8":{"start":{"line":36,"column":21},"end":{"line":36,"column":38}},"9":{"start":{"line":37,"column":20},"end":{"line":37,"column":48}},"10":{"start":{"line":38,"column":4},"end":{"line":38,"column":33}},"11":{"start":{"line":39,"column":4},"end":{"line":39,"column":87}},"12":{"start":{"line":40,"column":4},"end":{"line":40,"column":19}},"13":{"start":{"line":44,"column":4},"end":{"line":44,"column":47}},"14":{"start":{"line":48,"column":21},"end":{"line":53,"column":5}},"15":{"start":{"line":54,"column":4},"end":{"line":54,"column":46}},"16":{"start":{"line":55,"column":4},"end":{"line":55,"column":80}},"17":{"start":{"line":56,"column":4},"end":{"line":56,"column":20}},"18":{"start":{"line":60,"column":21},"end":{"line":60,"column":43}},"19":{"start":{"line":61,"column":4},"end":{"line":61,"column":31}},"20":{"start":{"line":61,"column":19},"end":{"line":61,"column":31}},"21":{"start":{"line":63,"column":20},"end":{"line":63,"column":81}},"22":{"start":{"line":64,"column":4},"end":{"line":64,"column":36}},"23":{"start":{"line":65,"column":4},"end":{"line":65,"column":19}},"24":{"start":{"line":69,"column":4},"end":{"line":69,"column":37}},"25":{"start":{"line":73,"column":4},"end":{"line":73,"column":43}},"26":{"start":{"line":77,"column":4},"end":{"line":82,"column":7}},"27":{"start":{"line":86,"column":4},"end":{"line":93,"column":6}},"28":{"start":{"line":89,"column":31},"end":{"line":89,"column":65}},"29":{"start":{"line":90,"column":55},"end":{"line":90,"column":63}},"30":{"start":{"line":97,"column":18},"end":{"line":97,"column":42}},"31":{"start":{"line":98,"column":4},"end":{"line":98,"column":88}},"32":{"start":{"line":99,"column":4},"end":{"line":99,"column":127}},"33":{"start":{"line":100,"column":4},"end":{"line":100,"column":40}},"34":{"start":{"line":104,"column":18},"end":{"line":104,"column":42}},"35":{"start":{"line":105,"column":4},"end":{"line":105,"column":89}},"36":{"start":{"line":106,"column":4},"end":{"line":106,"column":133}},"37":{"start":{"line":107,"column":4},"end":{"line":107,"column":40}},"38":{"start":{"line":111,"column":0},"end":{"line":111,"column":33}}},"fnMap":{"0":{"name":"(anonymous_0)","decl":{"start":{"line":21,"column":2},"end":{"line":21,"column":3}},"loc":{"start":{"line":21,"column":16},"end":{"line":29,"column":3}},"line":21},"1":{"name":"(anonymous_1)","decl":{"start":{"line":31,"column":2},"end":{"line":31,"column":3}},"loc":{"start":{"line":31,"column":15},"end":{"line":33,"column":3}},"line":31},"2":{"name":"(anonymous_2)","decl":{"start":{"line":35,"column":2},"end":{"line":35,"column":3}},"loc":{"start":{"line":35,"column":24},"end":{"line":41,"column":3}},"line":35},"3":{"name":"(anonymous_3)","decl":{"start":{"line":43,"column":2},"end":{"line":43,"column":3}},"loc":{"start":{"line":43,"column":17},"end":{"line":45,"column":3}},"line":43},"4":{"name":"(anonymous_4)","decl":{"start":{"line":47,"column":2},"end":{"line":47,"column":3}},"loc":{"start":{"line":47,"column":23},"end":{"line":57,"column":3}},"line":47},"5":{"name":"(anonymous_5)","decl":{"start":{"line":59,"column":2},"end":{"line":59,"column":3}},"loc":{"start":{"line":59,"column":27},"end":{"line":66,"column":3}},"line":59},"6":{"name":"(anonymous_6)","decl":{"start":{"line":68,"column":2},"end":{"line":68,"column":3}},"loc":{"start":{"line":68,"column":21},"end":{"line":70,"column":3}},"line":68},"7":{"name":"(anonymous_7)","decl":{"start":{"line":72,"column":2},"end":{"line":72,"column":3}},"loc":{"start":{"line":72,"column":28},"end":{"line":74,"column":3}},"line":72},"8":{"name":"(anonymous_8)","decl":{"start":{"line":76,"column":2},"end":{"line":76,"column":3}},"loc":{"start":{"line":76,"column":29},"end":{"line":83,"column":3}},"line":76},"9":{"name":"(anonymous_9)","decl":{"start":{"line":85,"column":2},"end":{"line":85,"column":3}},"loc":{"start":{"line":85,"column":13},"end":{"line":94,"column":3}},"line":85},"10":{"name":"(anonymous_10)","decl":{"start":{"line":89,"column":16},"end":{"line":89,"column":17}},"loc":{"start":{"line":89,"column":31},"end":{"line":89,"column":65}},"line":89},"11":{"name":"(anonymous_11)","decl":{"start":{"line":90,"column":50},"end":{"line":90,"column":51}},"loc":{"start":{"line":90,"column":55},"end":{"line":90,"column":63}},"line":90},"12":{"name":"(anonymous_12)","decl":{"start":{"line":96,"column":2},"end":{"line":96,"column":3}},"loc":{"start":{"line":96,"column":31},"end":{"line":101,"column":3}},"line":96},"13":{"name":"(anonymous_13)","decl":{"start":{"line":103,"column":2},"end":{"line":103,"column":3}},"loc":{"start":{"line":103,"column":34},"end":{"line":108,"column":3}},"line":103}},"branchMap":{"0":{"loc":{"start":{"line":32,"column":11},"end":{"line":32,"column":60}},"type":"binary-expr","locations":[{"start":{"line":32,"column":11},"end":{"line":32,"column":30}},{"start":{"line":32,"column":34},"end":{"line":32,"column":60}}],"line":32},"1":{"loc":{"start":{"line":61,"column":4},"end":{"line":61,"column":31}},"type":"if","locations":[{"start":{"line":61,"column":4},"end":{"line":61,"column":31}},{"start":{},"end":{}}],"line":61},"2":{"loc":{"start":{"line":72,"column":16},"end":{"line":72,"column":26}},"type":"default-arg","locations":[{"start":{"line":72,"column":24},"end":{"line":72,"column":26}}],"line":72},"3":{"loc":{"start":{"line":89,"column":38},"end":{"line":89,"column":64}},"type":"binary-expr","locations":[{"start":{"line":89,"column":38},"end":{"line":89,"column":59}},{"start":{"line":89,"column":63},"end":{"line":89,"column":64}}],"line":89}},"s":{"0":2,"1":2,"2":2,"3":2,"4":2,"5":2,"6":2,"7":11,"8":3,"9":3,"10":3,"11":3,"12":3,"13":6,"14":7,"15":7,"16":7,"17":7,"18":2,"19":2,"20":1,"21":1,"22":1,"23":1,"24":1,"25":9,"26":26,"27":3,"28":0,"29":3,"30":3,"31":3,"32":3,"33":3,"34":2,"35":2,"36":2,"37":2,"38":2},"f":{"0":2,"1":11,"2":3,"3":6,"4":7,"5":2,"6":1,"7":9,"8":26,"9":3,"10":0,"11":3,"12":3,"13":2},"b":{"0":[11,1],"1":[1,1],"2":[5],"3":[0,0]},"_coverageSchema":"1a1c01bbd47fc00a2c39e90264f33305004495a9","hash":"02840e86b4bf6246e94d20ca3e209f3992df2bae"}
}
