TN:
SF:src/ai.js
FN:34,generateAIResponse
FNF:1
FNH:1
FNDA:11,generateAIResponse
DA:2,2
DA:4,2
DA:35,11
DA:37,11
DA:38,11
DA:39,5
DA:40,4
DA:41,3
DA:43,11
DA:44,11
DA:46,11
DA:47,1
DA:48,10
DA:49,1
DA:52,9
DA:55,2
LF:16
LH:16
BRDA:38,0,0,6
BRDA:38,0,1,5
BRDA:39,1,0,1
BRDA:39,1,1,4
BRDA:40,2,0,1
BRDA:40,2,1,3
BRDA:41,3,0,1
BRDA:41,3,1,2
BRDA:46,4,0,1
BRDA:46,4,1,10
BRDA:48,5,0,1
BRDA:48,5,1,9
BRF:12
BRH:12
end_of_record
TN:
SF:src/store.js
FN:21,(anonymous_0)
FN:31,(anonymous_1)
FN:35,(anonymous_2)
FN:43,(anonymous_3)
FN:47,(anonymous_4)
FN:59,(anonymous_5)
FN:68,(anonymous_6)
FN:72,(anonymous_7)
FN:76,(anonymous_8)
FN:85,(anonymous_9)
FN:89,(anonymous_10)
FN:90,(anonymous_11)
FN:96,(anonymous_12)
FN:103,(anonymous_13)
FNF:14
FNH:13
FNDA:2,(anonymous_0)
FNDA:11,(anonymous_1)
FNDA:3,(anonymous_2)
FNDA:6,(anonymous_3)
FNDA:7,(anonymous_4)
FNDA:2,(anonymous_5)
FNDA:1,(anonymous_6)
FNDA:9,(anonymous_7)
FNDA:26,(anonymous_8)
FNDA:3,(anonymous_9)
FNDA:0,(anonymous_10)
FNDA:3,(anonymous_11)
FNDA:3,(anonymous_12)
FNDA:2,(anonymous_13)
DA:2,2
DA:4,2
DA:22,2
DA:23,2
DA:24,2
DA:25,2
DA:28,2
DA:32,11
DA:36,3
DA:37,3
DA:38,3
DA:39,3
DA:40,3
DA:44,6
DA:48,7
DA:54,7
DA:55,7
DA:56,7
DA:60,2
DA:61,2
DA:63,1
DA:64,1
DA:65,1
DA:69,1
DA:73,9
DA:77,26
DA:86,3
DA:89,0
DA:90,3
DA:97,3
DA:98,3
DA:99,3
DA:100,3
DA:104,2
DA:105,2
DA:106,2
DA:107,2
DA:111,2
LF:38
LH:37
BRDA:32,0,0,11
BRDA:32,0,1,1
BRDA:61,1,0,1
BRDA:61,1,1,1
BRDA:72,2,0,5
BRDA:89,3,0,0
BRDA:89,3,1,0
BRF:7
BRH:5
end_of_record
